
================================================================================
FAILURE LOG ENTRY #1
================================================================================
Timestamp:     2025-06-09 07:25:21 UTC
Repository:    test_repo_validation
Task ID:       validation_001
Failure Type:  REPO_VALIDATION
Severity:      HIGH (Score: 4/5)
Source:        smartrepo_repo_tester (P18P4S1)
Session:       a5e8c6e9a83b6121

Message:
Repository structure validation failed - missing required directories

================================================================================


================================================================================
FAILURE LOG ENTRY #2
================================================================================
Timestamp:     2025-06-09 07:25:21 UTC
Repository:    test_checklist_validation
Task ID:       checklist_002
Failure Type:  CHECKLIST_VALIDATION
Severity:      MEDIUM (Score: 3/5)
Source:        smartrepo_checklist_validator (P18P4S2)
Session:       a5e8c6e9a83b6121

Message:
Checklist format validation failed - malformed checkbox entries

================================================================================


================================================================================
FAILURE LOG ENTRY #3
================================================================================
Timestamp:     2025-06-09 07:25:21 UTC
Repository:    test_fallback_execution
Task ID:       fallback_003
Failure Type:  FALLBACK_EXECUTION
Severity:      CRITICAL (Score: 5/5)
Source:        smartrepo_fallback_builder (P18P4S4)
Session:       a5e8c6e9a83b6121

Message:
Automated fallback execution failed - stub repository creation error

================================================================================


================================================================================
FAILURE LOG ENTRY #4
================================================================================
Timestamp:     2025-06-09 07:25:21 UTC
Repository:    stress_test_repo_04
Task ID:       stress_004
Failure Type:  CHECKLIST_VALIDATION
Severity:      HIGH (Score: 4/5)
Source:        smartrepo_checklist_validator (P18P4S2)
Session:       a5e8c6e9a83b6121

Message:
Stress test failure #4 - automated testing scenario

================================================================================


================================================================================
FAILURE LOG ENTRY #5
================================================================================
Timestamp:     2025-06-09 07:25:21 UTC
Repository:    stress_test_repo_05
Task ID:       stress_005
Failure Type:  FALLBACK_EXECUTION
Severity:      MEDIUM (Score: 3/5)
Source:        smartrepo_fallback_builder (P18P4S4)
Session:       a5e8c6e9a83b6121

Message:
Stress test failure #5 - automated testing scenario

================================================================================


================================================================================
FAILURE LOG ENTRY #6
================================================================================
Timestamp:     2025-06-09 07:25:21 UTC
Repository:    stress_test_repo_06
Task ID:       stress_006
Failure Type:  REPO_VALIDATION
Severity:      LOW (Score: 2/5)
Source:        smartrepo_repo_tester (P18P4S1)
Session:       a5e8c6e9a83b6121

Message:
Stress test failure #6 - automated testing scenario

================================================================================


================================================================================
FAILURE LOG ENTRY #7
================================================================================
Timestamp:     2025-06-09 07:25:21 UTC
Repository:    stress_test_repo_07
Task ID:       stress_007
Failure Type:  CHECKLIST_VALIDATION
Severity:      CRITICAL (Score: 5/5)
Source:        smartrepo_checklist_validator (P18P4S2)
Session:       a5e8c6e9a83b6121

Message:
Stress test failure #7 - automated testing scenario

================================================================================


================================================================================
FAILURE LOG ENTRY #8
================================================================================
Timestamp:     2025-06-09 07:25:22 UTC
Repository:    stress_test_repo_08
Task ID:       stress_008
Failure Type:  FALLBACK_EXECUTION
Severity:      HIGH (Score: 4/5)
Source:        smartrepo_fallback_builder (P18P4S4)
Session:       a5e8c6e9a83b6121

Message:
Stress test failure #8 - automated testing scenario

================================================================================


================================================================================
FAILURE LOG ENTRY #9
================================================================================
Timestamp:     2025-06-09 07:25:22 UTC
Repository:    stress_test_repo_09
Task ID:       stress_009
Failure Type:  REPO_VALIDATION
Severity:      MEDIUM (Score: 3/5)
Source:        smartrepo_repo_tester (P18P4S1)
Session:       a5e8c6e9a83b6121

Message:
Stress test failure #9 - automated testing scenario

================================================================================


================================================================================
FAILURE LOG ENTRY #10
================================================================================
Timestamp:     2025-06-09 07:25:22 UTC
Repository:    stress_test_repo_10
Task ID:       stress_010
Failure Type:  CHECKLIST_VALIDATION
Severity:      LOW (Score: 2/5)
Source:        smartrepo_checklist_validator (P18P4S2)
Session:       a5e8c6e9a83b6121

Message:
Stress test failure #10 - automated testing scenario

================================================================================


================================================================================
FAILURE LOG ENTRY #11
================================================================================
Timestamp:     2025-06-09 07:25:22 UTC
Repository:    stress_test_repo_11
Task ID:       stress_011
Failure Type:  FALLBACK_EXECUTION
Severity:      CRITICAL (Score: 5/5)
Source:        smartrepo_fallback_builder (P18P4S4)
Session:       a5e8c6e9a83b6121

Message:
Stress test failure #11 - automated testing scenario

================================================================================


================================================================================
FAILURE LOG ENTRY #12
================================================================================
Timestamp:     2025-06-09 07:25:22 UTC
Repository:    stress_test_repo_12
Task ID:       stress_012
Failure Type:  REPO_VALIDATION
Severity:      HIGH (Score: 4/5)
Source:        smartrepo_repo_tester (P18P4S1)
Session:       a5e8c6e9a83b6121

Message:
Stress test failure #12 - automated testing scenario

================================================================================


================================================================================
FAILURE LOG ENTRY #13
================================================================================
Timestamp:     2025-06-09 07:25:22 UTC
Repository:    stress_test_repo_13
Task ID:       stress_013
Failure Type:  CHECKLIST_VALIDATION
Severity:      MEDIUM (Score: 3/5)
Source:        smartrepo_checklist_validator (P18P4S2)
Session:       a5e8c6e9a83b6121

Message:
Stress test failure #13 - automated testing scenario

================================================================================


================================================================================
FAILURE LOG ENTRY #1
================================================================================
Timestamp:     2025-06-09 07:25:22 UTC
Repository:    demo_auth_system
Task ID:       auth_demo_001
Failure Type:  CHECKLIST_VALIDATION
Severity:      HIGH (Score: 4/5)
Source:        smartrepo_checklist_validator (P18P4S2)
Session:       a5e8c6e9a83b6121

Message:
Authentication checklist validation failed - missing security requirements

================================================================================


================================================================================
FAILURE LOG ENTRY #1
================================================================================
Timestamp:     2025-06-09 07:25:22 UTC
Repository:    demo_payment_api
Task ID:       payment_demo_002
Failure Type:  FALLBACK_EXECUTION
Severity:      CRITICAL (Score: 5/5)
Source:        smartrepo_fallback_builder (P18P4S4)
Session:       a5e8c6e9a83b6121

Message:
Payment API fallback execution failed - stub repository creation error

================================================================================

